<?xml version="1.0" encoding="UTF-8"?>
<testsuite xmlns:xsi="http://www.w3.org/2001/XMLSchema-instance" xsi:schemaLocation="https://maven.apache.org/surefire/maven-surefire-plugin/xsd/surefire-test-report.xsd" name="TestSuite" time="4.808" tests="3" errors="0" skipped="2" failures="1">
  <properties>
    <property name="java.runtime.name" value="Java(TM) SE Runtime Environment"/>
    <property name="sun.boot.library.path" value="C:\ACWS\SCB-Child-DEV\sfselesoft\java\jdk1.8.0_66\jre\bin"/>
    <property name="java.vm.version" value="25.66-b18"/>
    <property name="java.vm.vendor" value="Oracle Corporation"/>
    <property name="maven.multiModuleProjectDirectory" value="C:\Users\sr068695\test2"/>
    <property name="java.vendor.url" value="http://java.oracle.com/"/>
    <property name="path.separator" value=";"/>
    <property name="guice.disable.misplaced.annotation.check" value="true"/>
    <property name="java.vm.name" value="Java HotSpot(TM) 64-Bit Server VM"/>
    <property name="file.encoding.pkg" value="sun.io"/>
    <property name="user.script" value=""/>
    <property name="user.country" value="US"/>
    <property name="sun.java.launcher" value="SUN_STANDARD"/>
    <property name="sun.os.patch.level" value=""/>
    <property name="java.vm.specification.name" value="Java Virtual Machine Specification"/>
    <property name="user.dir" value="C:\Users\sr068695\test2"/>
    <property name="java.runtime.version" value="1.8.0_66-b18"/>
    <property name="java.awt.graphicsenv" value="sun.awt.Win32GraphicsEnvironment"/>
    <property name="java.endorsed.dirs" value="C:\ACWS\SCB-Child-DEV\sfselesoft\java\jdk1.8.0_66\jre\lib\endorsed"/>
    <property name="os.arch" value="amd64"/>
    <property name="java.io.tmpdir" value="C:\Users\sr068695\AppData\Local\Temp\"/>
    <property name="line.separator" value="&#10;"/>
    <property name="java.vm.specification.vendor" value="Oracle Corporation"/>
    <property name="user.variant" value=""/>
    <property name="os.name" value="Windows 10"/>
    <property name="classworlds.conf" value="C:\EclipseWS\Eclipse_SCB-Child-DEV\.metadata\.plugins\org.eclipse.m2e.launching\launches\m2conf766406548315063767.tmp"/>
    <property name="sun.jnu.encoding" value="Cp1252"/>
    <property name="java.library.path" value="C:\ACWS\SCB-Child-DEV\sfselesoft\java\jdk1.8.0_66\bin;C:\WINDOWS\Sun\Java\bin;C:\WINDOWS\system32;C:\WINDOWS;C:/ACWS/SCB-Child-DEV/sfselesoft/java/jdk1.8.0_66/bin/../jre/bin/server;C:/ACWS/SCB-Child-DEV/sfselesoft/java/jdk1.8.0_66/bin/../jre/bin;C:/ACWS/SCB-Child-DEV/sfselesoft/java/jdk1.8.0_66/bin/../jre/lib/amd64;C:\ACWS\SCB-Child-DEV\sfselesoft\java\jdk1.8.0_66\bin;C:\WINDOWS\system32;C:\WINDOWS;C:\WINDOWS\System32\Wbem;C:\WINDOWS\System32\WindowsPowerShell\v1.0\;C:\WINDOWS\System32\OpenSSH\;C:\Program Files (x86)\Microsoft SQL Server\Client SDK\ODBC\130\Tools\Binn\;C:\Program Files (x86)\Microsoft SQL Server\130\Tools\Binn\;C:\Program Files (x86)\Microsoft SQL Server\130\DTS\Binn\;C:\Program Files (x86)\Microsoft SQL Server\130\Tools\Binn\ManagementStudio\;C:\AccuRev\AccuRevClient\bin;C:\Program Files\Git\cmd;C:\Users\sr068695\Downloads\apache-maven-3.6.3\bin;C:\Users\sr068695\Anaconda3;C:\Users\sr068695\AppData\Local\Microsoft\WindowsApps;C:\Users\sr068695\Anaconda3;C:\Users\sr068695\Anaconda3\Scripts;;C:\Softwares\EclipseMars\eclipse-jee-mars-2-win32-x86_64\eclipse;;."/>
    <property name="java.specification.name" value="Java Platform API Specification"/>
    <property name="java.class.version" value="52.0"/>
    <property name="sun.management.compiler" value="HotSpot 64-Bit Tiered Compilers"/>
    <property name="os.version" value="10.0"/>
    <property name="user.home" value="C:\Users\sr068695"/>
    <property name="user.timezone" value="Asia/Calcutta"/>
    <property name="java.awt.printerjob" value="sun.awt.windows.WPrinterJob"/>
    <property name="java.specification.version" value="1.8"/>
    <property name="file.encoding" value="Cp1252"/>
    <property name="user.name" value="SR068695"/>
    <property name="java.class.path" value="/C:/Softwares/EclipseMars/eclipse-jee-mars-2-win32-x86_64/eclipse/plugins/org.eclipse.m2e.maven.runtime_1.6.2.20150902-0001/jars/plexus-classworlds-2.5.2.jar"/>
    <property name="java.vm.specification.version" value="1.8"/>
    <property name="sun.arch.data.model" value="64"/>
    <property name="java.home" value="C:\ACWS\SCB-Child-DEV\sfselesoft\java\jdk1.8.0_66\jre"/>
    <property name="sun.java.command" value="org.codehaus.plexus.classworlds.launcher.Launcher -B install"/>
    <property name="java.specification.vendor" value="Oracle Corporation"/>
    <property name="user.language" value="en"/>
    <property name="awt.toolkit" value="sun.awt.windows.WToolkit"/>
    <property name="java.vm.info" value="mixed mode"/>
    <property name="java.version" value="1.8.0_66"/>
    <property name="java.ext.dirs" value="C:\ACWS\SCB-Child-DEV\sfselesoft\java\jdk1.8.0_66\jre\lib\ext;C:\WINDOWS\Sun\Java\lib\ext"/>
    <property name="sun.boot.class.path" value="C:\ACWS\SCB-Child-DEV\sfselesoft\java\jdk1.8.0_66\jre\lib\resources.jar;C:\ACWS\SCB-Child-DEV\sfselesoft\java\jdk1.8.0_66\jre\lib\rt.jar;C:\ACWS\SCB-Child-DEV\sfselesoft\java\jdk1.8.0_66\jre\lib\sunrsasign.jar;C:\ACWS\SCB-Child-DEV\sfselesoft\java\jdk1.8.0_66\jre\lib\jsse.jar;C:\ACWS\SCB-Child-DEV\sfselesoft\java\jdk1.8.0_66\jre\lib\jce.jar;C:\ACWS\SCB-Child-DEV\sfselesoft\java\jdk1.8.0_66\jre\lib\charsets.jar;C:\ACWS\SCB-Child-DEV\sfselesoft\java\jdk1.8.0_66\jre\lib\jfr.jar;C:\ACWS\SCB-Child-DEV\sfselesoft\java\jdk1.8.0_66\jre\classes"/>
    <property name="java.vendor" value="Oracle Corporation"/>
    <property name="maven.home" value="C:\Users\sr068695\test2\EMBEDDED"/>
    <property name="file.separator" value="\"/>
    <property name="java.vendor.url.bug" value="http://bugreport.sun.com/bugreport/"/>
    <property name="sun.cpu.endian" value="little"/>
    <property name="sun.io.unicode.encoding" value="UnicodeLittle"/>
    <property name="sun.desktop" value="windows"/>
    <property name="sun.cpu.isalist" value="amd64"/>
  </properties>
  <testcase name="beforeTest" classname="example.NewTest" time="4.709">
    <failure message="session not created: This version of ChromeDriver only supports Chrome version 85&#10;Build info: version: &apos;3.141.59&apos;, revision: &apos;e82be7d358&apos;, time: &apos;2018-11-14T08:17:03&apos;&#10;System info: host: &apos;W2026558&apos;, ip: &apos;192.168.0.103&apos;, os.name: &apos;Windows 10&apos;, os.arch: &apos;amd64&apos;, os.version: &apos;10.0&apos;, java.version: &apos;1.8.0_66&apos;&#10;Driver info: driver.version: ChromeDriver&#10;remote stacktrace: Backtrace:&#10;	Ordinal0 [0x0038D383+3134339]&#10;	Ordinal0 [0x0027A171+2007409]&#10;	Ordinal0 [0x0011AEE8+569064]&#10;	Ordinal0 [0x000A139F+70559]&#10;	Ordinal0 [0x0009CC63+52323]&#10;	Ordinal0 [0x000C0DFC+200188]&#10;	Ordinal0 [0x000C0C1D+199709]&#10;	Ordinal0 [0x000BEB0B+191243]&#10;	Ordinal0 [0x000A2E77+77431]&#10;	Ordinal0 [0x000A3E3E+81470]&#10;	Ordinal0 [0x000A3DC9+81353]&#10;	Ordinal0 [0x00290CD9+2100441]&#10;	GetHandleVerifier [0x004FB75A+1396954]&#10;	GetHandleVerifier [0x004FB3D9+1396057]&#10;	GetHandleVerifier [0x00507126+1444518]&#10;	GetHandleVerifier [0x004FBCE8+1398376]&#10;	Ordinal0 [0x00287F51+2064209]&#10;	Ordinal0 [0x002922EB+2106091]&#10;	Ordinal0 [0x00292411+2106385]&#10;	Ordinal0 [0x002A49C4+2181572]&#10;	BaseThreadInitThunk [0x758F6359+25]&#10;	RtlGetAppContainerNamedObjectPath [0x77847C24+228]&#10;	RtlGetAppContainerNamedObjectPath [0x77847BF4+180]&#10;	(No symbol) [0x00000000]&#10;" type="org.openqa.selenium.SessionNotCreatedException">org.openqa.selenium.SessionNotCreatedException: 
session not created: This version of ChromeDriver only supports Chrome version 85
Build info: version: '3.141.59', revision: 'e82be7d358', time: '2018-11-14T08:17:03'
System info: host: 'W2026558', ip: '192.168.0.103', os.name: 'Windows 10', os.arch: 'amd64', os.version: '10.0', java.version: '1.8.0_66'
Driver info: driver.version: ChromeDriver
remote stacktrace: Backtrace:
	Ordinal0 [0x0038D383+3134339]
	Ordinal0 [0x0027A171+2007409]
	Ordinal0 [0x0011AEE8+569064]
	Ordinal0 [0x000A139F+70559]
	Ordinal0 [0x0009CC63+52323]
	Ordinal0 [0x000C0DFC+200188]
	Ordinal0 [0x000C0C1D+199709]
	Ordinal0 [0x000BEB0B+191243]
	Ordinal0 [0x000A2E77+77431]
	Ordinal0 [0x000A3E3E+81470]
	Ordinal0 [0x000A3DC9+81353]
	Ordinal0 [0x00290CD9+2100441]
	GetHandleVerifier [0x004FB75A+1396954]
	GetHandleVerifier [0x004FB3D9+1396057]
	GetHandleVerifier [0x00507126+1444518]
	GetHandleVerifier [0x004FBCE8+1398376]
	Ordinal0 [0x00287F51+2064209]
	Ordinal0 [0x002922EB+2106091]
	Ordinal0 [0x00292411+2106385]
	Ordinal0 [0x002A49C4+2181572]
	BaseThreadInitThunk [0x758F6359+25]
	RtlGetAppContainerNamedObjectPath [0x77847C24+228]
	RtlGetAppContainerNamedObjectPath [0x77847BF4+180]
	(No symbol) [0x00000000]

	at example.NewTest.beforeTest(NewTest.java:61)
</failure>
    <system-out><![CDATA[provider.DataProvider@23ceabc1
]]></system-out>
    <system-err><![CDATA[Starting ChromeDriver 85.0.4183.87 (cd6713ebf92fa1cacc0f1a598df280093af0c5d7-refs/branch-heads/4183@{#1689}) on port 2098
Only local connections are allowed.
Please see https://chromedriver.chromium.org/security-considerations for suggestions on keeping ChromeDriver safe.
ChromeDriver was started successfully.
[1606108352.954][WARNING]: Deprecated chrome option is ignored: useAutomationExtension
[1606108352.954][WARNING]: Deprecated chrome option is ignored: useAutomationExtension
]]></system-err>
  </testcase>
  <testcase name="testEasy" classname="example.NewTest" time="0">
    <skipped/>
  </testcase>
  <testcase name="afterTest" classname="example.NewTest" time="0">
    <skipped/>
  </testcase>
</testsuite>